<?xml version="1.0" encoding="UTF-8"?>
<!-- Generated by org.testng.reporters.JUnitReportReporter -->
<testsuite hostname="Pankaj-PC" failures="0" tests="2" name="MavenPractice.SampleTest" time="0.027" errors="0" timestamp="24 Dec 2019 14:58:39 GMT" skipped="0">
  <testcase classname="MavenPractice.SampleTest" name="sub" time="0.002"/>
  <testcase classname="MavenPractice.SampleTest" name="add" time="0.025"/>
</testsuite> <!-- MavenPractice.SampleTest -->
