<?xml version="1.0" encoding="UTF-8"?>
<!-- Generated by org.testng.reporters.JUnitReportReporter -->
<testsuite hostname="Pankaj-PC" failures="0" tests="4" name="MavenPractice.DemoTest" time="0.798" errors="0" timestamp="24 Dec 2019 14:58:09 GMT" skipped="0">
  <testcase classname="MavenPractice.DemoTest" name="div" time="0.004"/>
  <testcase classname="MavenPractice.DemoTest" name="sub" time="0.005"/>
  <testcase classname="MavenPractice.DemoTest" name="mul" time="0.013"/>
  <testcase classname="MavenPractice.DemoTest" name="add" time="0.776"/>
</testsuite> <!-- MavenPractice.DemoTest -->
