<?xml version="1.0" encoding="UTF-8"?>
<!-- Generated by org.testng.reporters.JUnitReportReporter -->
<testsuite hostname="Pankaj-PC" failures="0" tests="1" name="MavenPractice.LoginFacebook" time="16.166" errors="0" timestamp="24 Dec 2019 15:11:01 GMT" skipped="0">
  <testcase classname="MavenPractice.LoginFacebook" name="VerifyLoginPageTest" time="16.166"/>
</testsuite> <!-- MavenPractice.LoginFacebook -->
