<?xml version="1.0" encoding="UTF-8"?>
<!-- Generated by org.testng.reporters.JUnitReportReporter -->
<testsuite hostname="Pankaj-PC" failures="0" tests="1" name="com.vtiger.script.contact.DeleteContactWithActionTest" time="15.400" errors="0" timestamp="2020-01-05T00:41:59 IST" skipped="0">
  <testcase classname="com.vtiger.script.contact.DeleteContactWithActionTest" name="deleteContactWithActionTest" time="15.400"/>
</testsuite> <!-- com.vtiger.script.contact.DeleteContactWithActionTest -->
