<?xml version="1.0" encoding="UTF-8"?>
<!-- Generated by org.testng.reporters.JUnitReportReporter -->
<testsuite hostname="Pankaj-PC" failures="0" tests="1" name="com.vtiger.script.contact.WithoutSelectingDeleteContactTest" time="40.486" errors="0" timestamp="2020-01-05T00:59:08 IST" skipped="0">
  <testcase classname="com.vtiger.script.contact.WithoutSelectingDeleteContactTest" name="deleteContactWithActionAndClickOnCancelTest" time="40.486"/>
</testsuite> <!-- com.vtiger.script.contact.WithoutSelectingDeleteContactTest -->
